a:\visual studio\projects\sdlg\sdlextendable\debug\vc141.pdb
a:\visual studio\projects\sdlg\sdlextendable\debug\vc141.idb
a:\visual studio\projects\sdlg\sdlextendable\debug\player.obj
a:\visual studio\projects\sdlg\sdlextendable\debug\main.obj
a:\visual studio\projects\sdlg\sdlextendable\debug\source.obj
a:\visual studio\projects\sdlg\sdlextendable\debug\map.obj
a:\visual studio\projects\sdlg\sdlextendable\debug\physics.obj
a:\visual studio\projects\sdlg\debug\sdlg.ilk
a:\visual studio\projects\sdlg\debug\sdlg.exe
a:\visual studio\projects\sdlg\debug\sdlg.pdb
a:\visual studio\projects\sdlg\sdlextendable\debug\sdlg.res
a:\visual studio\projects\sdlg\sdlextendable\debug\sdlg.tlog\cl.command.1.tlog
a:\visual studio\projects\sdlg\sdlextendable\debug\sdlg.tlog\cl.read.1.tlog
a:\visual studio\projects\sdlg\sdlextendable\debug\sdlg.tlog\cl.write.1.tlog
a:\visual studio\projects\sdlg\sdlextendable\debug\sdlg.tlog\link.command.1.tlog
a:\visual studio\projects\sdlg\sdlextendable\debug\sdlg.tlog\link.read.1.tlog
a:\visual studio\projects\sdlg\sdlextendable\debug\sdlg.tlog\link.write.1.tlog
a:\visual studio\projects\sdlg\sdlextendable\debug\sdlg.tlog\rc.command.1.tlog
a:\visual studio\projects\sdlg\sdlextendable\debug\sdlg.tlog\rc.read.1.tlog
a:\visual studio\projects\sdlg\sdlextendable\debug\sdlg.tlog\rc.write.1.tlog
